Module= CDA, Function= CD_004()
Error code= 2220, error
Information, Warning, Error or Fatal Error occured using BDMS!

Module= GEN, Function= GN_PAR()
Error code= 0100, information
Configuration parameter >CDAPOOLSIZE< with occurrence >1< was not found.


STEP Caselib version 4.1
Copyright (c) ProSTEP GmbH, Darmstadt, Germany 1992/98

STEP File Scanner

   Processing STEP file        : C:\Documents and Settings\SH\Desktop\yeni_stpler\spherical_outer.stp
   Creating SDAI-model in CDA identified by
      firstly  SDAI-model name : my_model
      secondly repository name : my_rep


STEP file completely read

Configuration options used by the STEP File Scanner:

   Generation of a new SDAI-model (1 : Yes, 0 : No)        :    1
   Number of aggregation values processed simultaneously   :    100
   Dimension of nested aggregations possible               :    20
   String length possible for attributes of entity UNKNOWN :    1024
   Number of unknown typed instances allowed               :    10000
   Entity type names as long names (1 : Yes, 0 : No)       :    0

Statistics:

   Lines read         	        	 	:    2159
   Bytes read        	 			:    134204
   Simple instances (totally)   	 	:    2158
   Including :	User-defined instances		:    0
   		Scope-defining instances	:    0
   		Complex instances 	 	:    4
   		Unknown instances        	:    0
		Typeless instances	 	:    0
   Severe errors in STEP file detected          :    0
   Number of STEP file comments         	:    1
   Short names read (1 : Yes, 0 : No)           :    1
   Instances read with short names              :    135

Messages:

   STEP File Scanner information logged        :    100
   STEP File Scanner warnings logged           :    6549

